<?xml version="1.0" encoding="UTF-8"?>
<!-- Generated by org.testng.reporters.JUnitReportReporter -->
<testsuite hostname="MacBook-Pro-2.local" name="fa.edu.excercise3.TestNGGrouping" tests="2" failures="0" timestamp="6 Mar 2019 15:27:50 GMT" time="0.011" errors="0">
  <testcase name="secondTest" time="0.001" classname="fa.edu.excercise3.TestNGGrouping"/>
  <testcase name="firstTest" time="0.010" classname="fa.edu.excercise3.TestNGGrouping"/>
</testsuite> <!-- fa.edu.excercise3.TestNGGrouping -->
