<?xml version="1.0" encoding="UTF-8"?>
<!-- Generated by org.testng.reporters.JUnitReportReporter -->
<testsuite hostname="MacBook-Pro-2.local" name="fa.edu.Exercise1" tests="2" failures="0" timestamp="6 Mar 2019 14:52:15 GMT" time="0.009" errors="0">
  <testcase name="TestCase1" time="0.006" classname="fa.edu.Exercise1"/>
  <testcase name="TestCase2" time="0.003" classname="fa.edu.Exercise1"/>
</testsuite> <!-- fa.edu.Exercise1 -->
