<?xml version="1.0" encoding="UTF-8"?>
<!-- Generated by org.testng.reporters.JUnitReportReporter -->
<testsuite hostname="MacBook-Pro-2.local" name="fa.edu.excercise4.NewTest" tests="7" failures="0" timestamp="6 Mar 2019 15:40:46 GMT" time="0.016" errors="0">
  <testcase name="Test" time="0.001" classname="fa.edu.excercise4.NewTest"/>
  <testcase name="Test" time="0.001" classname="fa.edu.excercise4.NewTest"/>
  <testcase name="Test" time="0.002" classname="fa.edu.excercise4.NewTest"/>
  <testcase name="Test" time="0.001" classname="fa.edu.excercise4.NewTest"/>
  <testcase name="Test" time="0.000" classname="fa.edu.excercise4.NewTest"/>
  <testcase name="Test" time="0.011" classname="fa.edu.excercise4.NewTest"/>
  <testcase name="Test" time="0.000" classname="fa.edu.excercise4.NewTest"/>
</testsuite> <!-- fa.edu.excercise4.NewTest -->
