<?xml version="1.0" encoding="UTF-8"?>
<!-- Generated by org.testng.reporters.JUnitReportReporter -->
<testsuite skipped="0" hostname="MacBook-Pro-2.local" name="fa.edu.excercise1.Exercise1" tests="2" failures="0" timestamp="19 Mar 2019 02:15:00 GMT" time="0.011" errors="0">
  <testcase name="TestCase2" time="0.004" classname="fa.edu.excercise1.Exercise1"/>
  <testcase name="TestCase1" time="0.007" classname="fa.edu.excercise1.Exercise1"/>
</testsuite> <!-- fa.edu.excercise1.Exercise1 -->
