<?xml version="1.0" encoding="UTF-8"?>
<!-- Generated by org.testng.reporters.JUnitReportReporter -->
<testsuite skipped="0" hostname="MacBook-Pro-2.local" name="com.fpt.practice1.Excercise1" tests="3" failures="0" timestamp="11 Mar 2019 09:26:36 GMT" time="1.202" errors="0">
  <testcase name="TestAlertBox" time="0.751" classname="com.fpt.practice1.Excercise1"/>
  <testcase name="TestPromptBox" time="0.095" classname="com.fpt.practice1.Excercise1"/>
  <testcase name="TestConfirmBox" time="0.356" classname="com.fpt.practice1.Excercise1"/>
</testsuite> <!-- com.fpt.practice1.Excercise1 -->
