<?xml version="1.0" encoding="UTF-8"?>
<!-- Generated by org.testng.reporters.JUnitReportReporter -->
<testsuite skipped="0" hostname="MacBook-Pro-2.local" name="com.fpt.practice2.Excercise4" tests="1" failures="0" timestamp="11 Mar 2019 15:30:41 GMT" time="2.411" errors="0">
  <testcase name="Test" time="2.411" classname="com.fpt.practice2.Excercise4"/>
</testsuite> <!-- com.fpt.practice2.Excercise4 -->
