<?xml version="1.0" encoding="UTF-8"?>
<!-- Generated by org.testng.reporters.JUnitReportReporter -->
<testsuite skipped="0" hostname="MacBook-Pro-2.local" name="com.fpt.Excercise3" tests="7" failures="0" timestamp="10 Mar 2019 18:27:21 GMT" time="16.735" errors="0">
  <testcase name="TestTitle" time="0.015" classname="com.fpt.Excercise3"/>
  <testcase name="TestLogo" time="0.041" classname="com.fpt.Excercise3"/>
  <testcase name="TestSignIn" time="0.031" classname="com.fpt.Excercise3"/>
  <testcase name="TestClickSignIn" time="2.660" classname="com.fpt.Excercise3"/>
  <testcase name="TestDisplayEmailTextbox" time="3.043" classname="com.fpt.Excercise3"/>
  <testcase name="TestBtnCreatAnAccount" time="0.027" classname="com.fpt.Excercise3"/>
  <testcase name="verifyCreatAccount" time="10.918" classname="com.fpt.Excercise3"/>
</testsuite> <!-- com.fpt.Excercise3 -->
