<?xml version="1.0" encoding="UTF-8"?>
<!-- Generated by org.testng.reporters.JUnitReportReporter -->
<testsuite skipped="0" hostname="DESKTOP-TV58ABC" name="com.fpt.NewTest" tests="8" failures="0" timestamp="27 Mar 2019 08:04:06 GMT" time="11.869" errors="0">
  <testcase name="clickContactButton" time="1.722" classname="com.fpt.NewTest"/>
  <testcase name="checkDisplay" time="5.340" classname="com.fpt.NewTest"/>
  <testcase name="testSelectCustomerService" time="0.175" classname="com.fpt.NewTest"/>
  <testcase name="testInputEmail" time="0.239" classname="com.fpt.NewTest"/>
  <testcase name="testInputOrderReference" time="0.228" classname="com.fpt.NewTest"/>
  <testcase name="testInputMessage" time="0.294" classname="com.fpt.NewTest"/>
  <testcase name="testClickSendButton" time="3.794" classname="com.fpt.NewTest"/>
  <testcase name="testVerifyText" time="0.077" classname="com.fpt.NewTest"/>
</testsuite> <!-- com.fpt.NewTest -->
