<?xml version="1.0" encoding="UTF-8"?>
<!-- Generated by org.testng.reporters.JUnitReportReporter -->
<testsuite hostname="MacBook-Pro-2.local" name="com.fpt.excercise2.test.NewTest" tests="13" failures="0" timestamp="6 Mar 2019 17:15:10 GMT" time="0.023" errors="0">
  <testcase name="TestGetCenter" time="0.001" classname="com.fpt.excercise2.test.NewTest"/>
  <testcase name="TestGetCenterX" time="0.001" classname="com.fpt.excercise2.test.NewTest"/>
  <testcase name="TestGetRadius" time="0.001" classname="com.fpt.excercise2.test.NewTest"/>
  <testcase name="TestGetArea" time="0.000" classname="com.fpt.excercise2.test.NewTest"/>
  <testcase name="TestContructor1" time="0.012" classname="com.fpt.excercise2.test.NewTest"/>
  <testcase name="TestContructor2" time="0.001" classname="com.fpt.excercise2.test.NewTest"/>
  <testcase name="TestDistance" time="0.001" classname="com.fpt.excercise2.test.NewTest"/>
  <testcase name="TestSetRadius" time="0.002" classname="com.fpt.excercise2.test.NewTest"/>
  <testcase name="TestToString" time="0.001" classname="com.fpt.excercise2.test.NewTest"/>
  <testcase name="TestGetCenterY" time="0.002" classname="com.fpt.excercise2.test.NewTest"/>
  <testcase name="TestGetCircumference" time="0.000" classname="com.fpt.excercise2.test.NewTest"/>
  <testcase name="TestContructor3" time="0.001" classname="com.fpt.excercise2.test.NewTest"/>
  <testcase name="TestSetCenter" time="0.000" classname="com.fpt.excercise2.test.NewTest"/>
</testsuite> <!-- com.fpt.excercise2.test.NewTest -->
