<?xml version="1.0" encoding="UTF-8"?>
<!-- Generated by org.testng.reporters.JUnitReportReporter -->
<testsuite skipped="0" hostname="MacBook-Pro-2.local" name="com.fpt.practice2.Excercise2" tests="1" failures="0" timestamp="18 Mar 2019 15:55:11 GMT" time="15.715" errors="0">
  <testcase name="Test" time="15.715" classname="com.fpt.practice2.Excercise2"/>
</testsuite> <!-- com.fpt.practice2.Excercise2 -->
