<?xml version="1.0" encoding="UTF-8"?>
<!-- Generated by org.testng.reporters.JUnitReportReporter -->
<testsuite skipped="0" hostname="MacBook-Pro-2.local" name="com.fpt.practice1.Excercise2" tests="1" failures="0" timestamp="11 Mar 2019 16:08:12 GMT" time="0.732" errors="0">
  <testcase name="Test" time="0.732" classname="com.fpt.practice1.Excercise2"/>
</testsuite> <!-- com.fpt.practice1.Excercise2 -->
