<?xml version="1.0" encoding="UTF-8"?>
<!-- Generated by org.testng.reporters.JUnitReportReporter -->
<testsuite skipped="0" hostname="MacBook-Pro-2.local" name="com.fpt.practice1.Excercise4" tests="1" failures="0" timestamp="18 Mar 2019 15:15:36 GMT" time="18.882" errors="0">
  <testcase name="getCookie" time="18.882" classname="com.fpt.practice1.Excercise4"/>
</testsuite> <!-- com.fpt.practice1.Excercise4 -->
