<?xml version="1.0" encoding="UTF-8"?>
<!-- Generated by org.testng.reporters.JUnitReportReporter -->
<testsuite skipped="0" hostname="MacBook-Pro-2.local" name="com.fpt.TestMyTriangle" tests="5" failures="0" timestamp="06 Mar 2019 18:52:21 GMT" time="0.005" errors="0">
  <testcase name="TestPrintIsoscelesType" time="0.000" classname="com.fpt.TestMyTriangle"/>
  <testcase name="TestContructor1" time="0.004" classname="com.fpt.TestMyTriangle"/>
  <testcase name="TestToString" time="0.000" classname="com.fpt.TestMyTriangle"/>
  <testcase name="TestPrintScalene" time="0.000" classname="com.fpt.TestMyTriangle"/>
  <testcase name="TestGetPerimeter" time="0.001" classname="com.fpt.TestMyTriangle"/>
</testsuite> <!-- com.fpt.TestMyTriangle -->
