<?xml version="1.0" encoding="UTF-8"?>
<!-- Generated by org.testng.reporters.JUnitReportReporter -->
<testsuite skipped="0" hostname="MacBook-Pro-2.local" name="com.fpt.xmlTest" tests="1" failures="0" timestamp="06 Mar 2019 18:52:21 GMT" time="0.012" errors="0">
  <testcase name="f" time="0.012" classname="com.fpt.xmlTest"/>
</testsuite> <!-- com.fpt.xmlTest -->
