<?xml version="1.0" encoding="UTF-8"?>
<!-- Generated by org.testng.reporters.JUnitReportReporter -->
<testsuite skipped="0" hostname="MacBook-Pro-2.local" name="com.fpt.TestLogin" tests="1" failures="0" timestamp="27 Mar 2019 09:44:08 GMT" time="18.093" errors="0">
  <testcase name="testLogin" time="18.093" classname="com.fpt.TestLogin"/>
</testsuite> <!-- com.fpt.TestLogin -->
