<?xml version="1.0" encoding="UTF-8"?>
<!-- Generated by org.testng.reporters.JUnitReportReporter -->
<testsuite skipped="0" hostname="MacBook-Pro-2.local" name="com.fpt.TestParallel" tests="2" failures="0" timestamp="26 Mar 2019 14:28:02 GMT" time="360.700" errors="0">
  <testcase name="test" time="176.303" classname="com.fpt.TestParallel"/>
  <testcase name="test" time="184.397" classname="com.fpt.TestParallel"/>
</testsuite> <!-- com.fpt.TestParallel -->
