<?xml version="1.0" encoding="UTF-8"?>
<!-- Generated by org.testng.reporters.JUnitReportReporter -->
<testsuite hostname="MacBook-Pro-2.local" name="com.fpt.xmlTest" tests="1" failures="0" timestamp="6 Mar 2019 18:53:53 GMT" time="0.009" errors="0">
  <testcase name="f" time="0.009" classname="com.fpt.xmlTest"/>
</testsuite> <!-- com.fpt.xmlTest -->
