<?xml version="1.0" encoding="UTF-8"?>
<!-- Generated by org.testng.reporters.JUnitReportReporter -->
<testsuite skipped="0" hostname="Temp-ThanhNTH" name="calculatorApp.NewTest" tests="4" failures="0" timestamp="05 Mar 2019 07:00:40 GMT" time="0.014" errors="0">
  <testcase name="TestAddition" time="0.014" classname="calculatorApp.NewTest"/>
  <testcase name="TestSubtraction" time="0.000" classname="calculatorApp.NewTest"/>
  <testcase name="TestSmultiplication" time="0.000" classname="calculatorApp.NewTest"/>
  <testcase name="TestDivision" time="0.000" classname="calculatorApp.NewTest"/>
</testsuite> <!-- calculatorApp.NewTest -->
