<?xml version="1.0" encoding="UTF-8"?>
<!-- Generated by org.testng.reporters.JUnitReportReporter -->
<testsuite hostname="MacBook-Pro-2.local" name="com.fpt.Excercise4" tests="1" failures="0" timestamp="8 Mar 2019 04:05:50 GMT" time="4.084" errors="0">
  <testcase name="TestList" time="4.084" classname="com.fpt.Excercise4"/>
</testsuite> <!-- com.fpt.Excercise4 -->
