<?xml version="1.0" encoding="UTF-8"?>
<!-- Generated by org.testng.reporters.JUnitReportReporter -->
<testsuite hostname="MacBook-Pro-2.local" name="com.fpt.Excercise1" tests="1" failures="0" timestamp="8 Mar 2019 14:36:14 GMT" time="0.335" errors="0">
  <testcase name="testInputFiled" time="0.335" classname="com.fpt.Excercise1"/>
</testsuite> <!-- com.fpt.Excercise1 -->
