<?xml version="1.0" encoding="UTF-8"?>
<!-- Generated by org.testng.reporters.JUnitReportReporter -->
<testsuite hostname="MacBook-Pro-2.local" name="com.fpt.Excercise2" tests="1" failures="0" timestamp="8 Mar 2019 14:36:41 GMT" time="0.115" errors="0">
  <testcase name="testCheckbox" time="0.115" classname="com.fpt.Excercise2"/>
</testsuite> <!-- com.fpt.Excercise2 -->
