<?xml version="1.0" encoding="UTF-8"?>
<!-- Generated by org.testng.reporters.JUnitReportReporter -->
<testsuite hostname="MacBook-Pro-2.local" name="com.fpt.Excercise5" tests="1" failures="0" timestamp="8 Mar 2019 04:05:50 GMT" time="3.476" errors="0">
  <testcase name="Display" time="3.476" classname="com.fpt.Excercise5"/>
</testsuite> <!-- com.fpt.Excercise5 -->
