<?xml version="1.0" encoding="UTF-8"?>
<!-- Generated by org.testng.reporters.JUnitReportReporter -->
<testsuite hostname="MacBook-Pro-2.local" name="com.fpt.Excercise3" tests="1" failures="0" timestamp="8 Mar 2019 04:05:50 GMT" time="4.342" errors="0">
  <testcase name="TestRadioButton" time="4.342" classname="com.fpt.Excercise3"/>
</testsuite> <!-- com.fpt.Excercise3 -->
