<?xml version="1.0" encoding="UTF-8"?>
<!-- Generated by org.testng.reporters.JUnitReportReporter -->
<testsuite skipped="0" hostname="MacBook-Pro-2.local" name="com.fpt.practice1.Excercise1" tests="1" failures="0" timestamp="18 Mar 2019 15:42:42 GMT" time="21.439" errors="0">
  <testcase name="testDragAndDrop" time="21.439" classname="com.fpt.practice1.Excercise1"/>
</testsuite> <!-- com.fpt.practice1.Excercise1 -->
