<?xml version="1.0" encoding="UTF-8"?>
<!-- Generated by org.testng.reporters.JUnitReportReporter -->
<testsuite skipped="0" hostname="MacBook-Pro-2.local" name="com.fpt.practice2.Excercise1" tests="1" failures="0" timestamp="18 Mar 2019 15:50:32 GMT" time="31.459" errors="0">
  <testcase name="Test" time="31.459" classname="com.fpt.practice2.Excercise1"/>
</testsuite> <!-- com.fpt.practice2.Excercise1 -->
