<?xml version="1.0" encoding="UTF-8"?>
<!-- Generated by org.testng.reporters.JUnitReportReporter -->
<testsuite skipped="0" hostname="DESKTOP-TV58ABC" name="com.fpt.excercise1.TestSigInFunctionOnStartbucksApp_Android" tests="3" failures="0" timestamp="28 Mar 2019 05:51:56 GMT" time="45.776" errors="0">
  <testcase name="checkDisplay" time="6.250" classname="com.fpt.excercise1.TestSigInFunctionOnStartbucksApp_Android"/>
  <testcase name="test1" time="21.428" classname="com.fpt.excercise1.TestSigInFunctionOnStartbucksApp_Android"/>
  <testcase name="test2" time="18.098" classname="com.fpt.excercise1.TestSigInFunctionOnStartbucksApp_Android"/>
</testsuite> <!-- com.fpt.excercise1.TestSigInFunctionOnStartbucksApp_Android -->
