<?xml version="1.0" encoding="UTF-8"?>
<!-- Generated by org.testng.reporters.JUnitReportReporter -->
<testsuite skipped="0" hostname="DESKTOP-TV58ABC" name="com.fpt.excercise2.TestSettingFunctionOnStarbucksApp_Android" tests="1" failures="0" timestamp="28 Mar 2019 06:55:11 GMT" time="25.637" errors="0">
  <testcase name="test" time="25.637" classname="com.fpt.excercise2.TestSettingFunctionOnStarbucksApp_Android"/>
</testsuite> <!-- com.fpt.excercise2.TestSettingFunctionOnStarbucksApp_Android -->
