<?xml version="1.0" encoding="UTF-8"?>
<!-- Generated by org.testng.reporters.JUnitReportReporter -->
<testsuite skipped="0" hostname="MacBook-Pro-2.local" name="com.fpt.assignment2.excercise2.TestLogin" tests="3" failures="0" timestamp="16 Mar 2019 12:55:39 GMT" time="47.654" errors="0">
  <testcase name="Test" time="17.815" classname="com.fpt.assignment2.excercise2.TestLogin"/>
  <testcase name="Test" time="14.698" classname="com.fpt.assignment2.excercise2.TestLogin"/>
  <testcase name="Test" time="15.141" classname="com.fpt.assignment2.excercise2.TestLogin"/>
</testsuite> <!-- com.fpt.assignment2.excercise2.TestLogin -->
