<?xml version="1.0" encoding="UTF-8"?>
<!-- Generated by org.testng.reporters.JUnitReportReporter -->
<testsuite skipped="0" hostname="MacBook-Pro-2.local" name="com.fpt.assignment2.excercise3.TestCreatAccount" tests="4" failures="0" timestamp="16 Mar 2019 15:24:34 GMT" time="78.277" errors="0">
  <testcase name="Test" time="19.189" classname="com.fpt.assignment2.excercise3.TestCreatAccount"/>
  <testcase name="Test" time="21.077" classname="com.fpt.assignment2.excercise3.TestCreatAccount"/>
  <testcase name="Test" time="20.260" classname="com.fpt.assignment2.excercise3.TestCreatAccount"/>
  <testcase name="Test" time="17.751" classname="com.fpt.assignment2.excercise3.TestCreatAccount"/>
</testsuite> <!-- com.fpt.assignment2.excercise3.TestCreatAccount -->
