<?xml version="1.0" encoding="UTF-8"?>
<!-- Generated by org.testng.reporters.JUnitReportReporter -->
<testsuite skipped="0" hostname="Temp-ThanhNTH" name="calculatorApp.NewTest" tests="4" failures="0" timestamp="05 Mar 2019 02:52:05 GMT" time="0.018" errors="0">
  <testcase name="TestSmultiplication" time="0.001" classname="calculatorApp.NewTest"/>
  <testcase name="TestSubtraction" time="0.002" classname="calculatorApp.NewTest"/>
  <testcase name="TestDivision" time="0.002" classname="calculatorApp.NewTest"/>
  <testcase name="TestAddition" time="0.013" classname="calculatorApp.NewTest"/>
</testsuite> <!-- calculatorApp.NewTest -->
