<?xml version="1.0" encoding="UTF-8"?>
<!-- Generated by org.testng.reporters.JUnitReportReporter -->
<testsuite skipped="0" hostname="MacBook-Pro-2.local" name="com.fpt.practice2.Excercise5" tests="1" failures="0" timestamp="11 Mar 2019 15:45:16 GMT" time="0.105" errors="0">
  <testcase name="Test" time="0.105" classname="com.fpt.practice2.Excercise5"/>
</testsuite> <!-- com.fpt.practice2.Excercise5 -->
