<?xml version="1.0" encoding="UTF-8"?>
<!-- Generated by org.testng.reporters.JUnitReportReporter -->
<testsuite skipped="0" hostname="MacBook-Pro-2.local" name="com.fpt.Excercise2" tests="2" failures="0" timestamp="11 Mar 2019 09:12:52 GMT" time="24.304" errors="0">
  <testcase name="TestButtonLikeusOnFacebook" time="17.845" classname="com.fpt.Excercise2"/>
  <testcase name="TestBtnFollowInTwitter" time="6.459" classname="com.fpt.Excercise2"/>
</testsuite> <!-- com.fpt.Excercise2 -->
