<?xml version="1.0" encoding="UTF-8"?>
<!-- Generated by org.testng.reporters.JUnitReportReporter -->
<testsuite skipped="0" hostname="MacBook-Pro-2.local" name="com.fpt.Excercise1" tests="3" failures="0" timestamp="11 Mar 2019 07:12:00 GMT" time="1.403" errors="0">
  <testcase name="TestAlertBox" time="0.842" classname="com.fpt.Excercise1"/>
  <testcase name="TestPromptBox" time="0.128" classname="com.fpt.Excercise1"/>
  <testcase name="TestConfirmBox" time="0.433" classname="com.fpt.Excercise1"/>
</testsuite> <!-- com.fpt.Excercise1 -->
