<?xml version="1.0" encoding="UTF-8"?>
<!-- Generated by org.testng.reporters.JUnitReportReporter -->
<testsuite skipped="0" hostname="MacBook-Pro-2.local" name="com.fpt.practice2.Excercise1" tests="1" failures="0" timestamp="11 Mar 2019 09:35:52 GMT" time="1.051" errors="0">
  <testcase name="Test" time="1.051" classname="com.fpt.practice2.Excercise1"/>
</testsuite> <!-- com.fpt.practice2.Excercise1 -->
