<?xml version="1.0" encoding="UTF-8"?>
<!-- Generated by org.testng.reporters.JUnitReportReporter -->
<testsuite hostname="MacBook-Pro-2.local" name="com.fpt.excercise3.test.NewTest" tests="16" failures="0" timestamp="6 Mar 2019 18:25:45 GMT" time="0.036" errors="0">
  <testcase name="TestNextHour" time="0.001" classname="com.fpt.excercise3.test.NewTest"/>
  <testcase name="TestSetTime" time="0.001" classname="com.fpt.excercise3.test.NewTest"/>
  <testcase name="TestNextMinute" time="0.002" classname="com.fpt.excercise3.test.NewTest"/>
  <testcase name="TestPreviousMinute" time="0.003" classname="com.fpt.excercise3.test.NewTest"/>
  <testcase name="TestSetSecond" time="0.001" classname="com.fpt.excercise3.test.NewTest"/>
  <testcase name="TestGetSecond" time="0.000" classname="com.fpt.excercise3.test.NewTest"/>
  <testcase name="TestContructor1" time="0.010" classname="com.fpt.excercise3.test.NewTest"/>
  <testcase name="TestContructor2" time="0.001" classname="com.fpt.excercise3.test.NewTest"/>
  <testcase name="TestGetMinute" time="0.001" classname="com.fpt.excercise3.test.NewTest"/>
  <testcase name="TestSetHour" time="0.000" classname="com.fpt.excercise3.test.NewTest"/>
  <testcase name="TestToString" time="0.001" classname="com.fpt.excercise3.test.NewTest"/>
  <testcase name="TestSetMinute" time="0.001" classname="com.fpt.excercise3.test.NewTest"/>
  <testcase name="TestNextSecond" time="0.003" classname="com.fpt.excercise3.test.NewTest"/>
  <testcase name="TestPreviousHour" time="0.008" classname="com.fpt.excercise3.test.NewTest"/>
  <testcase name="TestGetHour" time="0.001" classname="com.fpt.excercise3.test.NewTest"/>
  <testcase name="TestPreviousSecond" time="0.002" classname="com.fpt.excercise3.test.NewTest"/>
</testsuite> <!-- com.fpt.excercise3.test.NewTest -->
