<?xml version="1.0" encoding="UTF-8"?>
<!-- Generated by org.testng.reporters.JUnitReportReporter -->
<testsuite hostname="MacBook-Pro-2.local" name="com.fpt.excercise1.test.TestBook" tests="9" failures="0" timestamp="6 Mar 2019 16:19:21 GMT" time="0.021" errors="0">
  <testcase name="TestGetQty" time="0.001" classname="com.fpt.excercise1.test.TestBook"/>
  <testcase name="TestSetPrice" time="0.001" classname="com.fpt.excercise1.test.TestBook"/>
  <testcase name="TestSetQty" time="0.001" classname="com.fpt.excercise1.test.TestBook"/>
  <testcase name="TestToStirng" time="0.001" classname="com.fpt.excercise1.test.TestBook"/>
  <testcase name="TestGetAuthor" time="0.000" classname="com.fpt.excercise1.test.TestBook"/>
  <testcase name="TestGetPrice" time="0.001" classname="com.fpt.excercise1.test.TestBook"/>
  <testcase name="TestContructor1" time="0.015" classname="com.fpt.excercise1.test.TestBook"/>
  <testcase name="TestContructor2" time="0.000" classname="com.fpt.excercise1.test.TestBook"/>
  <testcase name="TestGetNameBook" time="0.001" classname="com.fpt.excercise1.test.TestBook"/>
</testsuite> <!-- com.fpt.excercise1.test.TestBook -->
